<?xml version="1.0" encoding="UTF-8"?>
<testng-results ignored="0" total="10" passed="10" failed="0" skipped="0">
  <reporter-output>
  </reporter-output>
  <suite started-at="2023-09-16T11:46:04 IST" name="All Test Suite" finished-at="2023-09-16T11:46:16 IST" duration-ms="12001">
    <groups>
    </groups>
    <test started-at="2023-09-16T11:46:04 IST" name="C:/Users/Shivani Computers/IdeaProjects/RestAssured" finished-at="2023-09-16T11:46:16 IST" duration-ms="12001">
      <class name="tests.SerializationAndDeSerialization">
        <test-method signature="serializeObject()[pri:1, instance:tests.SerializationAndDeSerialization@1e730495]" started-at="2023-09-16T11:46:16 IST" name="serializeObject" finished-at="2023-09-16T11:46:16 IST" duration-ms="60" status="PASS">
          <reporter-output>
          </reporter-output>
        </test-method> <!-- serializeObject -->
        <test-method signature="deserializeObject()[pri:2, instance:tests.SerializationAndDeSerialization@1e730495]" started-at="2023-09-16T11:46:16 IST" name="deserializeObject" finished-at="2023-09-16T11:46:16 IST" duration-ms="62" status="PASS">
          <reporter-output>
          </reporter-output>
        </test-method> <!-- deserializeObject -->
      </class> <!-- tests.SerializationAndDeSerialization -->
      <class name="tests.CrudWithBDD">
        <test-method signature="createUser()[pri:0, instance:tests.CrudWithBDD@13c10b87]" started-at="2023-09-16T11:46:04 IST" name="createUser" finished-at="2023-09-16T11:46:10 IST" duration-ms="6196" status="PASS">
          <reporter-output>
          </reporter-output>
        </test-method> <!-- createUser -->
        <test-method signature="deleteUser()[pri:0, instance:tests.CrudWithBDD@13c10b87]" started-at="2023-09-16T11:46:10 IST" name="deleteUser" finished-at="2023-09-16T11:46:11 IST" duration-ms="769" status="PASS">
          <reporter-output>
          </reporter-output>
        </test-method> <!-- deleteUser -->
        <test-method signature="getUser()[pri:0, instance:tests.CrudWithBDD@13c10b87]" started-at="2023-09-16T11:46:11 IST" name="getUser" finished-at="2023-09-16T11:46:13 IST" duration-ms="1855" status="PASS">
          <reporter-output>
          </reporter-output>
        </test-method> <!-- getUser -->
        <test-method signature="updateUser()[pri:0, instance:tests.CrudWithBDD@13c10b87]" started-at="2023-09-16T11:46:13 IST" name="updateUser" finished-at="2023-09-16T11:46:14 IST" duration-ms="577" status="PASS">
          <reporter-output>
          </reporter-output>
        </test-method> <!-- updateUser -->
      </class> <!-- tests.CrudWithBDD -->
      <class name="tests.DifferentWaysToPostRequest">
        <test-method signature="createUserWithHashMap()[pri:0, instance:tests.DifferentWaysToPostRequest@23f7d05d]" started-at="2023-09-16T11:46:14 IST" name="createUserWithHashMap" finished-at="2023-09-16T11:46:14 IST" duration-ms="541" status="PASS">
          <reporter-output>
          </reporter-output>
        </test-method> <!-- createUserWithHashMap -->
        <test-method signature="createUserWithJsonFile()[pri:0, instance:tests.DifferentWaysToPostRequest@23f7d05d]" started-at="2023-09-16T11:46:14 IST" name="createUserWithJsonFile" finished-at="2023-09-16T11:46:15 IST" duration-ms="579" status="PASS">
          <reporter-output>
          </reporter-output>
        </test-method> <!-- createUserWithJsonFile -->
        <test-method signature="createUserWithJsonObject()[pri:0, instance:tests.DifferentWaysToPostRequest@23f7d05d]" started-at="2023-09-16T11:46:15 IST" name="createUserWithJsonObject" finished-at="2023-09-16T11:46:15 IST" duration-ms="555" status="PASS">
          <reporter-output>
          </reporter-output>
        </test-method> <!-- createUserWithJsonObject -->
        <test-method signature="createUserWithPojoClass()[pri:0, instance:tests.DifferentWaysToPostRequest@23f7d05d]" started-at="2023-09-16T11:46:15 IST" name="createUserWithPojoClass" finished-at="2023-09-16T11:46:16 IST" duration-ms="661" status="PASS">
          <reporter-output>
          </reporter-output>
        </test-method> <!-- createUserWithPojoClass -->
      </class> <!-- tests.DifferentWaysToPostRequest -->
    </test> <!-- C:/Users/Shivani Computers/IdeaProjects/RestAssured -->
  </suite> <!-- All Test Suite -->
</testng-results>
